<?xml version="1.0" encoding="UTF-8"?>
<testng-results skipped="0" failed="0" ignored="0" total="1" passed="1">
  <reporter-output>
  </reporter-output>
  <suite name="Suite" duration-ms="21354" started-at="2020-02-24T11:27:36 IST" finished-at="2020-02-24T11:27:57 IST">
    <groups>
    </groups>
    <test name="Test" duration-ms="21354" started-at="2020-02-24T11:27:36 IST" finished-at="2020-02-24T11:27:57 IST">
      <class name="SeleniumGit">
        <test-method status="PASS" signature="openbrowser()[pri:0, instance:SeleniumGit@709393]" name="openbrowser" duration-ms="21198" started-at="2020-02-24T11:27:36 IST" finished-at="2020-02-24T11:27:57 IST">
          <reporter-output>
          </reporter-output>
        </test-method> <!-- openbrowser -->
      </class> <!-- SeleniumGit -->
    </test> <!-- Test -->
  </suite> <!-- Suite -->
</testng-results>
