<?xml version="1.0" encoding="UTF-8"?>
<testng-results skipped="0" failed="0" ignored="0" total="1" passed="1">
  <reporter-output>
  </reporter-output>
  <suite name="Default suite" duration-ms="1078" started-at="2020-02-02T18:18:56 IST" finished-at="2020-02-02T18:18:58 IST">
    <groups>
    </groups>
    <test name="Default test" duration-ms="1078" started-at="2020-02-02T18:18:56 IST" finished-at="2020-02-02T18:18:58 IST">
      <class name="tests.Excellcompare">
        <test-method status="PASS" signature="compare()[pri:0, instance:tests.Excellcompare@9ba398]" name="compare" duration-ms="1037" started-at="2020-02-02T18:18:56 IST" finished-at="2020-02-02T18:18:58 IST">
          <reporter-output>
          </reporter-output>
        </test-method> <!-- compare -->
      </class> <!-- tests.Excellcompare -->
    </test> <!-- Default test -->
  </suite> <!-- Default suite -->
</testng-results>
