<?xml version="1.0" encoding="UTF-8"?>
<!-- Generated by org.testng.reporters.JUnitXMLReporter -->
<testsuite hostname="DESKTOP-U84CKO6" name="Test" tests="1" failures="1" timestamp="21 Jan 2020 10:37:17 GMT" time="0.329" errors="0">
  <testcase name="sampleTest" time="0.297" classname="SQL.class2">
    <failure type="java.lang.NullPointerException">
      <![CDATA[java.lang.NullPointerException
	at SQL.class2.sampleTest(class2.java:41)
... Removed 25 stack frames]]>
    </failure>
  </testcase> <!-- sampleTest -->
</testsuite> <!-- Test -->
